<?xml version="1.0" encoding="UTF-8"?>
<!-- Generated by org.testng.reporters.JUnitXMLReporter -->
<testsuite ignored="0" hostname="DESKTOP-GJAK483" failures="1" tests="1" name="Default test(failed)" time="43.025" errors="0" timestamp="07 Aug 2018 06:51:36 GMT">
  <testcase classname="controllers.client.benificiary" name="user_can_addBenificiary" time="42.706">
    <failure type="java.lang.ClassCastException" message="java.base/java.util.ArrayList cannot be cast to org.openqa.selenium.WebElement">
      <![CDATA[java.lang.ClassCastException: java.base/java.util.ArrayList cannot be cast to org.openqa.selenium.WebElement
at pageRepository.benificiary_page.deleteBenificiary_no(benificiary_page.java:31)
at controllers.client.benificiary.user_can_addBenificiary(benificiary.java:32)
... Removed 25 stack frames]]>
    </failure>
  </testcase> <!-- user_can_addBenificiary -->
</testsuite> <!-- Default test(failed) -->
