<?xml version="1.0" encoding="UTF-8"?>
<testng-results ignored="0" total="1" passed="1" failed="0" skipped="0">
  <reporter-output>
  </reporter-output>
  <suite started-at="2018-08-07T09:24:35Z" name="Default suite" finished-at="2018-08-07T09:25:08Z" duration-ms="32500">
    <groups>
    </groups>
    <test started-at="2018-08-07T09:24:35Z" name="Default test" finished-at="2018-08-07T09:25:08Z" duration-ms="32500">
      <class name="controllers.client.profile">
        <test-method is-config="true" signature="disableWarning()[pri:0, instance:controllers.client.profile@6b063695]" started-at="2018-08-07T09:24:35Z" name="disableWarning" finished-at="2018-08-07T09:24:35Z" duration-ms="10" status="PASS">
          <reporter-output>
          </reporter-output>
        </test-method> <!-- disableWarning -->
        <test-method signature="user_can_addBenificiary()[pri:0, instance:controllers.client.profile@6b063695]" started-at="2018-08-07T09:24:35Z" name="user_can_addBenificiary" finished-at="2018-08-07T09:25:08Z" duration-ms="32471" status="PASS">
          <reporter-output>
          </reporter-output>
        </test-method> <!-- user_can_addBenificiary -->
        <test-method is-config="true" signature="takeScreenshotOnError(org.testng.ITestResult)[pri:0, instance:controllers.client.profile@6b063695]" started-at="2018-08-07T09:25:08Z" name="takeScreenshotOnError" finished-at="2018-08-07T09:25:08Z" duration-ms="1" status="PASS">
          <params>
            <param index="0">
              <value>
                <![CDATA[[TestResult name=user_can_addBenificiary status=SUCCESS method=profile.user_can_addBenificiary()[pri:0, instance:controllers.client.profile@6b063695] output={null}]]]>
              </value>
            </param>
          </params>
          <reporter-output>
          </reporter-output>
        </test-method> <!-- takeScreenshotOnError -->
      </class> <!-- controllers.client.profile -->
    </test> <!-- Default test -->
  </suite> <!-- Default suite -->
</testng-results>
